Started GET "/" for 127.0.0.1 at 2022-03-29 12:06:45 +0200
  [1m[35m (1.3ms)[0m  [1m[34mSELECT sqlite_version(*)[0m
  [1m[35m (0.5ms)[0m  [1m[35mCREATE TABLE "schema_migrations" ("version" varchar NOT NULL PRIMARY KEY)[0m
  [1m[35m (0.4ms)[0m  [1m[35mCREATE TABLE "ar_internal_metadata" ("key" varchar NOT NULL PRIMARY KEY, "value" varchar, "created_at" datetime(6) NOT NULL, "updated_at" datetime(6) NOT NULL)[0m
  [1m[35m (0.1ms)[0m  [1m[34mSELECT "schema_migrations"."version" FROM "schema_migrations" ORDER BY "schema_migrations"."version" ASC[0m
  
ActiveRecord::PendingMigrationError (

Migrations are pending. To resolve this issue, run:

        bin/rails db:migrate RAILS_ENV=development

You have 1 pending migration:

20220329094345_create_users.rb


):
  
activerecord (6.1.5) lib/active_record/migration.rb:625:in `check_pending!'
activerecord (6.1.5) lib/active_record/migration.rb:590:in `block (2 levels) in call'
activesupport (6.1.5) lib/active_support/evented_file_update_checker.rb:59:in `execute'
activerecord (6.1.5) lib/active_record/migration.rb:595:in `block in call'
activerecord (6.1.5) lib/active_record/migration.rb:587:in `synchronize'
activerecord (6.1.5) lib/active_record/migration.rb:587:in `call'
actionpack (6.1.5) lib/action_dispatch/middleware/callbacks.rb:27:in `block in call'
activesupport (6.1.5) lib/active_support/callbacks.rb:98:in `run_callbacks'
actionpack (6.1.5) lib/action_dispatch/middleware/callbacks.rb:26:in `call'
actionpack (6.1.5) lib/action_dispatch/middleware/executor.rb:14:in `call'
actionpack (6.1.5) lib/action_dispatch/middleware/actionable_exceptions.rb:18:in `call'
actionpack (6.1.5) lib/action_dispatch/middleware/debug_exceptions.rb:29:in `call'
web-console (4.2.0) lib/web_console/middleware.rb:132:in `call_app'
web-console (4.2.0) lib/web_console/middleware.rb:28:in `block in call'
web-console (4.2.0) lib/web_console/middleware.rb:17:in `catch'
web-console (4.2.0) lib/web_console/middleware.rb:17:in `call'
actionpack (6.1.5) lib/action_dispatch/middleware/show_exceptions.rb:33:in `call'
railties (6.1.5) lib/rails/rack/logger.rb:37:in `call_app'
railties (6.1.5) lib/rails/rack/logger.rb:26:in `block in call'
activesupport (6.1.5) lib/active_support/tagged_logging.rb:99:in `block in tagged'
activesupport (6.1.5) lib/active_support/tagged_logging.rb:37:in `tagged'
activesupport (6.1.5) lib/active_support/tagged_logging.rb:99:in `tagged'
railties (6.1.5) lib/rails/rack/logger.rb:26:in `call'
sprockets-rails (3.4.2) lib/sprockets/rails/quiet_assets.rb:13:in `call'
actionpack (6.1.5) lib/action_dispatch/middleware/remote_ip.rb:81:in `call'
actionpack (6.1.5) lib/action_dispatch/middleware/request_id.rb:26:in `call'
rack (2.2.3) lib/rack/method_override.rb:24:in `call'
rack (2.2.3) lib/rack/runtime.rb:22:in `call'
activesupport (6.1.5) lib/active_support/cache/strategy/local_cache_middleware.rb:29:in `call'
actionpack (6.1.5) lib/action_dispatch/middleware/executor.rb:14:in `call'
actionpack (6.1.5) lib/action_dispatch/middleware/static.rb:24:in `call'
rack (2.2.3) lib/rack/sendfile.rb:110:in `call'
actionpack (6.1.5) lib/action_dispatch/middleware/host_authorization.rb:148:in `call'
rack-mini-profiler (2.3.4) lib/mini_profiler/profiler.rb:393:in `call'
webpacker (5.4.3) lib/webpacker/dev_server_proxy.rb:25:in `perform_request'
rack-proxy (0.7.2) lib/rack/proxy.rb:67:in `call'
railties (6.1.5) lib/rails/engine.rb:539:in `call'
puma (5.6.2) lib/puma/configuration.rb:252:in `call'
puma (5.6.2) lib/puma/request.rb:77:in `block in handle_request'
puma (5.6.2) lib/puma/thread_pool.rb:340:in `with_force_shutdown'
puma (5.6.2) lib/puma/request.rb:76:in `handle_request'
puma (5.6.2) lib/puma/server.rb:441:in `process_client'
puma (5.6.2) lib/puma/thread_pool.rb:147:in `block in spawn_thread'
Started GET "/" for 127.0.0.1 at 2022-03-29 12:10:54 +0200
  [1m[35m (0.3ms)[0m  [1m[34mSELECT sqlite_version(*)[0m
  [1m[35m (0.1ms)[0m  [1m[34mSELECT "schema_migrations"."version" FROM "schema_migrations" ORDER BY "schema_migrations"."version" ASC[0m
  [1m[35mCACHE  (0.0ms)[0m  [1m[34mSELECT "schema_migrations"."version" FROM "schema_migrations" ORDER BY "schema_migrations"."version" ASC[0m
  
ActiveRecord::PendingMigrationError (

Migrations are pending. To resolve this issue, run:

        bin/rails db:migrate RAILS_ENV=development

You have 1 pending migration:

20220329094345_create_users.rb


):
  
activerecord (6.1.5) lib/active_record/migration.rb:625:in `check_pending!'
activerecord (6.1.5) lib/active_record/migration.rb:590:in `block (2 levels) in call'
activesupport (6.1.5) lib/active_support/evented_file_update_checker.rb:59:in `execute'
activerecord (6.1.5) lib/active_record/migration.rb:595:in `block in call'
activerecord (6.1.5) lib/active_record/migration.rb:587:in `synchronize'
activerecord (6.1.5) lib/active_record/migration.rb:587:in `call'
actionpack (6.1.5) lib/action_dispatch/middleware/callbacks.rb:27:in `block in call'
activesupport (6.1.5) lib/active_support/callbacks.rb:98:in `run_callbacks'
actionpack (6.1.5) lib/action_dispatch/middleware/callbacks.rb:26:in `call'
actionpack (6.1.5) lib/action_dispatch/middleware/executor.rb:14:in `call'
actionpack (6.1.5) lib/action_dispatch/middleware/actionable_exceptions.rb:18:in `call'
actionpack (6.1.5) lib/action_dispatch/middleware/debug_exceptions.rb:29:in `call'
web-console (4.2.0) lib/web_console/middleware.rb:132:in `call_app'
web-console (4.2.0) lib/web_console/middleware.rb:28:in `block in call'
web-console (4.2.0) lib/web_console/middleware.rb:17:in `catch'
web-console (4.2.0) lib/web_console/middleware.rb:17:in `call'
actionpack (6.1.5) lib/action_dispatch/middleware/show_exceptions.rb:33:in `call'
railties (6.1.5) lib/rails/rack/logger.rb:37:in `call_app'
railties (6.1.5) lib/rails/rack/logger.rb:26:in `block in call'
activesupport (6.1.5) lib/active_support/tagged_logging.rb:99:in `block in tagged'
activesupport (6.1.5) lib/active_support/tagged_logging.rb:37:in `tagged'
activesupport (6.1.5) lib/active_support/tagged_logging.rb:99:in `tagged'
railties (6.1.5) lib/rails/rack/logger.rb:26:in `call'
sprockets-rails (3.4.2) lib/sprockets/rails/quiet_assets.rb:13:in `call'
actionpack (6.1.5) lib/action_dispatch/middleware/remote_ip.rb:81:in `call'
actionpack (6.1.5) lib/action_dispatch/middleware/request_id.rb:26:in `call'
rack (2.2.3) lib/rack/method_override.rb:24:in `call'
rack (2.2.3) lib/rack/runtime.rb:22:in `call'
activesupport (6.1.5) lib/active_support/cache/strategy/local_cache_middleware.rb:29:in `call'
actionpack (6.1.5) lib/action_dispatch/middleware/executor.rb:14:in `call'
actionpack (6.1.5) lib/action_dispatch/middleware/static.rb:24:in `call'
rack (2.2.3) lib/rack/sendfile.rb:110:in `call'
actionpack (6.1.5) lib/action_dispatch/middleware/host_authorization.rb:148:in `call'
rack-mini-profiler (2.3.4) lib/mini_profiler/profiler.rb:393:in `call'
webpacker (5.4.3) lib/webpacker/dev_server_proxy.rb:25:in `perform_request'
rack-proxy (0.7.2) lib/rack/proxy.rb:67:in `call'
railties (6.1.5) lib/rails/engine.rb:539:in `call'
puma (5.6.2) lib/puma/configuration.rb:252:in `call'
puma (5.6.2) lib/puma/request.rb:77:in `block in handle_request'
puma (5.6.2) lib/puma/thread_pool.rb:340:in `with_force_shutdown'
puma (5.6.2) lib/puma/request.rb:76:in `handle_request'
puma (5.6.2) lib/puma/server.rb:441:in `process_client'
puma (5.6.2) lib/puma/thread_pool.rb:147:in `block in spawn_thread'
  [1m[35m (0.4ms)[0m  [1m[34mSELECT sqlite_version(*)[0m
  [1m[35m (0.0ms)[0m  [1m[34mSELECT "schema_migrations"."version" FROM "schema_migrations" ORDER BY "schema_migrations"."version" ASC[0m
  [1m[35m (0.0ms)[0m  [1m[34mSELECT "schema_migrations"."version" FROM "schema_migrations" ORDER BY "schema_migrations"."version" ASC[0m
  [1m[35m (0.0ms)[0m  [1m[34mSELECT "schema_migrations"."version" FROM "schema_migrations" ORDER BY "schema_migrations"."version" ASC[0m
  [1m[35m (0.0ms)[0m  [1m[34mSELECT sqlite_version(*)[0m
  [1m[35m (0.0ms)[0m  [1m[34mSELECT "schema_migrations"."version" FROM "schema_migrations" ORDER BY "schema_migrations"."version" ASC[0m
  [1m[35m (0.4ms)[0m  [1m[34mSELECT sqlite_version(*)[0m
  [1m[35m (0.0ms)[0m  [1m[34mSELECT "schema_migrations"."version" FROM "schema_migrations" ORDER BY "schema_migrations"."version" ASC[0m
Migrating to CreateUsers (20220329094345)
  [1m[36mTRANSACTION (0.0ms)[0m  [1m[36mbegin transaction[0m
  [1m[35m (0.6ms)[0m  [1m[35mCREATE TABLE "users" ("id" integer PRIMARY KEY AUTOINCREMENT NOT NULL, "email" varchar, "password_digest" varchar, "created_at" datetime(6) NOT NULL, "updated_at" datetime(6) NOT NULL)[0m
  [1m[36mActiveRecord::SchemaMigration Create (0.1ms)[0m  [1m[32mINSERT INTO "schema_migrations" ("version") VALUES (?)[0m  [["version", "20220329094345"]]
  [1m[36mTRANSACTION (0.4ms)[0m  [1m[36mcommit transaction[0m
Migrating to CreatePosts (20220329102901)
  [1m[36mTRANSACTION (0.0ms)[0m  [1m[36mbegin transaction[0m
  [1m[35m (0.2ms)[0m  [1m[35mCREATE TABLE "posts" ("id" integer PRIMARY KEY AUTOINCREMENT NOT NULL, "user_id" integer NOT NULL, "image_path" varchar, "title" varchar, "category_id" integer NOT NULL, "created_at" datetime(6) NOT NULL, "updated_at" datetime(6) NOT NULL, CONSTRAINT "fk_rails_5b5ddfd518"
FOREIGN KEY ("user_id")
  REFERENCES "users" ("id")
, CONSTRAINT "fk_rails_9b1b26f040"
FOREIGN KEY ("category_id")
  REFERENCES "categories" ("id")
)[0m
  [1m[35m (0.1ms)[0m  [1m[35mCREATE INDEX "index_posts_on_user_id" ON "posts" ("user_id")[0m
  [1m[35m (0.0ms)[0m  [1m[35mCREATE INDEX "index_posts_on_category_id" ON "posts" ("category_id")[0m
  [1m[36mActiveRecord::SchemaMigration Create (0.1ms)[0m  [1m[32mINSERT INTO "schema_migrations" ("version") VALUES (?)[0m  [["version", "20220329102901"]]
  [1m[36mTRANSACTION (1.4ms)[0m  [1m[36mcommit transaction[0m
Migrating to CreateCategories (20220329102933)
  [1m[36mTRANSACTION (0.0ms)[0m  [1m[36mbegin transaction[0m
  [1m[35m (0.1ms)[0m  [1m[35mCREATE TABLE "categories" ("id" integer PRIMARY KEY AUTOINCREMENT NOT NULL, "name" varchar, "slug" varchar, "created_at" datetime(6) NOT NULL, "updated_at" datetime(6) NOT NULL)[0m
  [1m[36mActiveRecord::SchemaMigration Create (0.0ms)[0m  [1m[32mINSERT INTO "schema_migrations" ("version") VALUES (?)[0m  [["version", "20220329102933"]]
  [1m[36mTRANSACTION (0.3ms)[0m  [1m[36mcommit transaction[0m
Migrating to CreateComments (20220329103012)
  [1m[36mTRANSACTION (0.0ms)[0m  [1m[36mbegin transaction[0m
  [1m[35m (0.2ms)[0m  [1m[35mCREATE TABLE "comments" ("id" integer PRIMARY KEY AUTOINCREMENT NOT NULL, "user_id" integer NOT NULL, "post_id" integer NOT NULL, "created_at" datetime(6) NOT NULL, "updated_at" datetime(6) NOT NULL, CONSTRAINT "fk_rails_03de2dc08c"
FOREIGN KEY ("user_id")
  REFERENCES "users" ("id")
, CONSTRAINT "fk_rails_2fd19c0db7"
FOREIGN KEY ("post_id")
  REFERENCES "posts" ("id")
)[0m
  [1m[35m (0.0ms)[0m  [1m[35mCREATE INDEX "index_comments_on_user_id" ON "comments" ("user_id")[0m
  [1m[35m (0.0ms)[0m  [1m[35mCREATE INDEX "index_comments_on_post_id" ON "comments" ("post_id")[0m
  [1m[36mActiveRecord::SchemaMigration Create (0.2ms)[0m  [1m[32mINSERT INTO "schema_migrations" ("version") VALUES (?)[0m  [["version", "20220329103012"]]
  [1m[36mTRANSACTION (0.3ms)[0m  [1m[36mcommit transaction[0m
Migrating to CreateLikes (20220329103629)
  [1m[36mTRANSACTION (0.0ms)[0m  [1m[36mbegin transaction[0m
  [1m[35m (0.2ms)[0m  [1m[35mCREATE TABLE "likes" ("id" integer PRIMARY KEY AUTOINCREMENT NOT NULL, "user_id" integer NOT NULL, "post_id" integer NOT NULL, "created_at" datetime(6) NOT NULL, "updated_at" datetime(6) NOT NULL, CONSTRAINT "fk_rails_1e09b5dabf"
FOREIGN KEY ("user_id")
  REFERENCES "users" ("id")
, CONSTRAINT "fk_rails_87a8aac469"
FOREIGN KEY ("post_id")
  REFERENCES "posts" ("id")
)[0m
  [1m[35m (0.0ms)[0m  [1m[35mCREATE INDEX "index_likes_on_user_id" ON "likes" ("user_id")[0m
  [1m[35m (0.0ms)[0m  [1m[35mCREATE INDEX "index_likes_on_post_id" ON "likes" ("post_id")[0m
  [1m[36mActiveRecord::SchemaMigration Create (0.1ms)[0m  [1m[32mINSERT INTO "schema_migrations" ("version") VALUES (?)[0m  [["version", "20220329103629"]]
  [1m[36mTRANSACTION (0.5ms)[0m  [1m[36mcommit transaction[0m
  [1m[36mActiveRecord::InternalMetadata Load (0.1ms)[0m  [1m[34mSELECT "ar_internal_metadata".* FROM "ar_internal_metadata" WHERE "ar_internal_metadata"."key" = ? LIMIT ?[0m  [["key", "environment"], ["LIMIT", 1]]
  [1m[36mTRANSACTION (0.0ms)[0m  [1m[36mbegin transaction[0m
  [1m[36mActiveRecord::InternalMetadata Create (0.1ms)[0m  [1m[32mINSERT INTO "ar_internal_metadata" ("key", "value", "created_at", "updated_at") VALUES (?, ?, ?, ?)[0m  [["key", "environment"], ["value", "development"], ["created_at", "2022-03-29 10:47:13.670253"], ["updated_at", "2022-03-29 10:47:13.670253"]]
  [1m[36mTRANSACTION (0.3ms)[0m  [1m[36mcommit transaction[0m
  [1m[35m (0.0ms)[0m  [1m[34mSELECT sqlite_version(*)[0m
  [1m[35m (0.0ms)[0m  [1m[34mSELECT "schema_migrations"."version" FROM "schema_migrations" ORDER BY "schema_migrations"."version" ASC[0m
Started GET "/" for 127.0.0.1 at 2022-03-29 12:48:28 +0200
  [1m[35m (0.3ms)[0m  [1m[34mSELECT sqlite_version(*)[0m
  [1m[35m (0.1ms)[0m  [1m[34mSELECT "schema_migrations"."version" FROM "schema_migrations" ORDER BY "schema_migrations"."version" ASC[0m
Processing by Rails::WelcomeController#index as HTML
  Rendering /Users/etiennededianous/.rbenv/versions/3.0.3/lib/ruby/gems/3.0.0/gems/railties-6.1.5/lib/rails/templates/rails/welcome/index.html.erb
  Rendered /Users/etiennededianous/.rbenv/versions/3.0.3/lib/ruby/gems/3.0.0/gems/railties-6.1.5/lib/rails/templates/rails/welcome/index.html.erb (Duration: 3.6ms | Allocations: 491)
Completed 200 OK in 20ms (Views: 13.6ms | ActiveRecord: 0.0ms | Allocations: 4034)


Started GET "/" for 127.0.0.1 at 2022-03-29 12:51:59 +0200
  [1m[35m (0.3ms)[0m  [1m[34mSELECT sqlite_version(*)[0m
  [1m[35m (0.1ms)[0m  [1m[34mSELECT "schema_migrations"."version" FROM "schema_migrations" ORDER BY "schema_migrations"."version" ASC[0m
Processing by SessionsController#welcome as HTML
  Rendering layout layouts/application.html.erb
  Rendering sessions/welcome.html.erb within layouts/application
  Rendered sessions/welcome.html.erb within layouts/application (Duration: 33.0ms | Allocations: 3298)
  Rendered layout layouts/application.html.erb (Duration: 33.2ms | Allocations: 3397)
Completed 500 Internal Server Error in 39ms (ActiveRecord: 0.0ms | Allocations: 6871)


  
LoadError (cannot load such file -- bcrypt):
  
app/models/user.rb:2:in `<class:User>'
app/models/user.rb:1:in `<main>'
app/controllers/application_controller.rb:6:in `current_user'
app/controllers/application_controller.rb:10:in `logged_in?'
app/controllers/application_controller.rb:4:in `logged_in?'
app/views/sessions/welcome.html.erb:4
Started GET "/" for 127.0.0.1 at 2022-03-29 12:53:05 +0200
  [1m[35m (0.3ms)[0m  [1m[34mSELECT sqlite_version(*)[0m
  [1m[35m (0.1ms)[0m  [1m[34mSELECT "schema_migrations"."version" FROM "schema_migrations" ORDER BY "schema_migrations"."version" ASC[0m
Processing by SessionsController#welcome as HTML
  Rendering layout layouts/application.html.erb
  Rendering sessions/welcome.html.erb within layouts/application
  Rendered sessions/welcome.html.erb within layouts/application (Duration: 16.6ms | Allocations: 3250)
  Rendered layout layouts/application.html.erb (Duration: 16.7ms | Allocations: 3349)
Completed 500 Internal Server Error in 27ms (ActiveRecord: 0.0ms | Allocations: 6900)


  
LoadError (cannot load such file -- bcrypt):
  
app/models/user.rb:2:in `<class:User>'
app/models/user.rb:1:in `<main>'
app/controllers/application_controller.rb:6:in `current_user'
app/controllers/application_controller.rb:10:in `logged_in?'
app/controllers/application_controller.rb:4:in `logged_in?'
app/views/sessions/welcome.html.erb:4
Started GET "/" for 127.0.0.1 at 2022-03-29 12:53:33 +0200
Processing by SessionsController#welcome as HTML
  Rendering layout layouts/application.html.erb
  Rendering sessions/welcome.html.erb within layouts/application
  Rendered sessions/welcome.html.erb within layouts/application (Duration: 11.6ms | Allocations: 3327)
  Rendered layout layouts/application.html.erb (Duration: 12.1ms | Allocations: 3401)
Completed 500 Internal Server Error in 14ms (ActiveRecord: 0.0ms | Allocations: 3826)


  
LoadError (cannot load such file -- bcrypt):
  
app/models/user.rb:2:in `<class:User>'
app/models/user.rb:1:in `<main>'
app/controllers/application_controller.rb:6:in `current_user'
app/controllers/application_controller.rb:10:in `logged_in?'
app/controllers/application_controller.rb:4:in `logged_in?'
app/views/sessions/welcome.html.erb:4
Started GET "/" for 127.0.0.1 at 2022-03-29 12:53:35 +0200
Processing by SessionsController#welcome as HTML
  Rendering layout layouts/application.html.erb
  Rendering sessions/welcome.html.erb within layouts/application
  Rendered sessions/welcome.html.erb within layouts/application (Duration: 4.8ms | Allocations: 1292)
  Rendered layout layouts/application.html.erb (Duration: 5.0ms | Allocations: 1366)
Completed 500 Internal Server Error in 7ms (ActiveRecord: 0.0ms | Allocations: 1726)


  
LoadError (cannot load such file -- bcrypt):
  
app/models/user.rb:2:in `<class:User>'
app/models/user.rb:1:in `<main>'
app/controllers/application_controller.rb:6:in `current_user'
app/controllers/application_controller.rb:10:in `logged_in?'
app/controllers/application_controller.rb:4:in `logged_in?'
app/views/sessions/welcome.html.erb:4
Started GET "/" for 127.0.0.1 at 2022-03-29 12:53:46 +0200
  [1m[35m (0.4ms)[0m  [1m[34mSELECT sqlite_version(*)[0m
  [1m[35m (0.0ms)[0m  [1m[34mSELECT "schema_migrations"."version" FROM "schema_migrations" ORDER BY "schema_migrations"."version" ASC[0m
Processing by SessionsController#welcome as HTML
  Rendering layout layouts/application.html.erb
  Rendering sessions/welcome.html.erb within layouts/application
  [1m[36mUser Load (0.1ms)[0m  [1m[34mSELECT "users".* FROM "users" WHERE "users"."id" IS NULL LIMIT ?[0m  [["LIMIT", 1]]
  ↳ app/controllers/application_controller.rb:6:in `current_user'
  Rendered sessions/welcome.html.erb within layouts/application (Duration: 7.7ms | Allocations: 5385)
[Webpacker] Compiling...
[Webpacker] Compiled all packs in /Users/etiennededianous/Desktop/MemeGallery/public/packs
[Webpacker] Hash: 4949f615883aa45838a7
Version: webpack 4.46.0
Time: 713ms
Built at: 03/29/2022 12:53:48 PM
                                     Asset       Size       Chunks                         Chunk Names
    js/application-19ade39cc333985062bf.js    125 KiB  application  [emitted] [immutable]  application
js/application-19ade39cc333985062bf.js.map    139 KiB  application  [emitted] [dev]        application
                             manifest.json  364 bytes               [emitted]              
Entrypoint application = js/application-19ade39cc333985062bf.js js/application-19ade39cc333985062bf.js.map
[./app/javascript/channels sync recursive _channel\.js$] ./app/javascript/channels sync _channel\.js$ 160 bytes {application} [built]
[./app/javascript/channels/index.js] 211 bytes {application} [built]
[./app/javascript/packs/application.js] 492 bytes {application} [built]
[./node_modules/webpack/buildin/module.js] (webpack)/buildin/module.js 552 bytes {application} [built]
    + 3 hidden modules

  [1m[36mCACHE User Load (0.0ms)[0m  [1m[34mSELECT "users".* FROM "users" WHERE "users"."id" IS NULL LIMIT ?[0m  [["LIMIT", 1]]
  ↳ app/controllers/application_controller.rb:6:in `current_user'
  Rendered layout layouts/application.html.erb (Duration: 1927.3ms | Allocations: 24506)
Completed 200 OK in 1935ms (Views: 1931.6ms | ActiveRecord: 0.3ms | Allocations: 28205)


